# JRE version: OpenJDK Runtime Environment (7.0_51) (build 1.7.0_51-b00)
# Java VM: OpenJDK 64-Bit Server VM (24.45-b08 mixed mode linux-amd64 compressed oops)
Heap
 PSYoungGen      total 127488K, used 20667K [0x00000000e1400000, 0x00000000fa100000, 0x0000000100000000)
  eden space 126976K, 16% used [0x00000000e1400000,0x00000000e2806d80,0x00000000e9000000)
  from space 512K, 31% used [0x00000000fa080000,0x00000000fa0a8000,0x00000000fa100000)
  to   space 512K, 0% used [0x00000000fa000000,0x00000000fa000000,0x00000000fa080000)
 ParOldGen       total 62976K, used 59466K [0x00000000a3c00000, 0x00000000a7980000, 0x00000000e1400000)
  object space 62976K, 94% used [0x00000000a3c00000,0x00000000a7612b90,0x00000000a7980000)
 PSPermGen       total 66048K, used 65700K [0x0000000099600000, 0x000000009d680000, 0x00000000a3c00000)
  object space 66048K, 99% used [0x0000000099600000,0x000000009d629358,0x000000009d680000)
GC Heap History (10 events):
Event: 3059.416 GC heap before
{Heap before GC invocations=194 (full 0):
 PSYoungGen      total 156672K, used 156352K [0x00000000e1400000, 0x00000000fa100000, 0x0000000100000000)
  eden space 156160K, 100% used [0x00000000e1400000,0x00000000eac80000,0x00000000eac80000)
  from space 512K, 37% used [0x00000000fa000000,0x00000000fa030000,0x00000000fa080000)
  to   space 512K, 0% used [0x00000000fa080000,0x00000000fa080000,0x00000000fa100000)
 ParOldGen       total 62976K, used 58978K [0x00000000a3c00000, 0x00000000a7980000, 0x00000000e1400000)
  object space 62976K, 93% used [0x00000000a3c00000,0x00000000a7598b90,0x00000000a7980000)
 PSPermGen       total 65536K, used 65100K [0x0000000099600000, 0x000000009d600000, 0x00000000a3c00000)
  object space 65536K, 99% used [0x0000000099600000,0x000000009d593270,0x000000009d600000)
Event: 3059.430 GC heap after
Heap after GC invocations=194 (full 0):
 PSYoungGen      total 150016K, used 224K [0x00000000e1400000, 0x00000000fa100000, 0x0000000100000000)
  eden space 149504K, 0% used [0x00000000e1400000,0x00000000e1400000,0x00000000ea600000)
  from space 512K, 43% used [0x00000000fa080000,0x00000000fa0b8000,0x00000000fa100000)
  to   space 512K, 0% used [0x00000000fa000000,0x00000000fa000000,0x00000000fa080000)
 ParOldGen       total 62976K, used 59090K [0x00000000a3c00000, 0x00000000a7980000, 0x00000000e1400000)
  object space 62976K, 93% used [0x00000000a3c00000,0x00000000a75b4b90,0x00000000a7980000)
 PSPermGen       total 65536K, used 65100K [0x0000000099600000, 0x000000009d600000, 0x00000000a3c00000)
  object space 65536K, 99% used [0x0000000099600000,0x000000009d593270,0x000000009d600000)
}
Event: 3060.190 GC heap before
{Heap before GC invocations=195 (full 0):
 PSYoungGen      total 150016K, used 149728K [0x00000000e1400000, 0x00000000fa100000, 0x0000000100000000)
  eden space 149504K, 100% used [0x00000000e1400000,0x00000000ea600000,0x00000000ea600000)
  from space 512K, 43% used [0x00000000fa080000,0x00000000fa0b8000,0x00000000fa100000)
  to   space 512K, 0% used [0x00000000fa000000,0x00000000fa000000,0x00000000fa080000)
 ParOldGen       total 62976K, used 59090K [0x00000000a3c00000, 0x00000000a7980000, 0x00000000e1400000)
  object space 62976K, 93% used [0x00000000a3c00000,0x00000000a75b4b90,0x00000000a7980000)
 PSPermGen       total 65536K, used 65241K [0x0000000099600000, 0x000000009d600000, 0x00000000a3c00000)
  object space 65536K, 99% used [0x0000000099600000,0x000000009d5b6540,0x000000009d600000)
Event: 3060.201 GC heap after
Heap after GC invocations=195 (full 0):
 PSYoungGen      total 143872K, used 192K [0x00000000e1400000, 0x00000000fa100000, 0x0000000100000000)
  eden space 143360K, 0% used [0x00000000e1400000,0x00000000e1400000,0x00000000ea000000)
  from space 512K, 37% used [0x00000000fa000000,0x00000000fa030000,0x00000000fa080000)
  to   space 512K, 0% used [0x00000000fa080000,0x00000000fa080000,0x00000000fa100000)
 ParOldGen       total 62976K, used 59194K [0x00000000a3c00000, 0x00000000a7980000, 0x00000000e1400000)
  object space 62976K, 93% used [0x00000000a3c00000,0x00000000a75ceb90,0x00000000a7980000)
 PSPermGen       total 65536K, used 65241K [0x0000000099600000, 0x000000009d600000, 0x00000000a3c00000)
  object space 65536K, 99% used [0x0000000099600000,0x000000009d5b6540,0x000000009d600000)
}
Event: 3062.102 GC heap before
{Heap before GC invocations=196 (full 0):
 PSYoungGen      total 143872K, used 143552K [0x00000000e1400000, 0x00000000fa100000, 0x0000000100000000)
  eden space 143360K, 100% used [0x00000000e1400000,0x00000000ea000000,0x00000000ea000000)
  from space 512K, 37% used [0x00000000fa000000,0x00000000fa030000,0x00000000fa080000)
  to   space 512K, 0% used [0x00000000fa080000,0x00000000fa080000,0x00000000fa100000)
 ParOldGen       total 62976K, used 59194K [0x00000000a3c00000, 0x00000000a7980000, 0x00000000e1400000)
  object space 62976K, 93% used [0x00000000a3c00000,0x00000000a75ceb90,0x00000000a7980000)
 PSPermGen       total 65536K, used 65394K [0x0000000099600000, 0x000000009d600000, 0x00000000a3c00000)
  object space 65536K, 99% used [0x0000000099600000,0x000000009d5dc9d8,0x000000009d600000)
Event: 3062.115 GC heap after
Heap after GC invocations=196 (full 0):
 PSYoungGen      total 138240K, used 192K [0x00000000e1400000, 0x00000000fa100000, 0x0000000100000000)
  eden space 137728K, 0% used [0x00000000e1400000,0x00000000e1400000,0x00000000e9a80000)
  from space 512K, 37% used [0x00000000fa080000,0x00000000fa0b0000,0x00000000fa100000)
  to   space 512K, 0% used [0x00000000fa000000,0x00000000fa000000,0x00000000fa080000)
 ParOldGen       total 62976K, used 59282K [0x00000000a3c00000, 0x00000000a7980000, 0x00000000e1400000)
  object space 62976K, 94% used [0x00000000a3c00000,0x00000000a75e4b90,0x00000000a7980000)
 PSPermGen       total 65536K, used 65394K [0x0000000099600000, 0x000000009d600000, 0x00000000a3c00000)
  object space 65536K, 99% used [0x0000000099600000,0x000000009d5dc9d8,0x000000009d600000)
}
Event: 3064.145 GC heap before
{Heap before GC invocations=197 (full 0):
 PSYoungGen      total 138240K, used 137920K [0x00000000e1400000, 0x00000000fa100000, 0x0000000100000000)
  eden space 137728K, 100% used [0x00000000e1400000,0x00000000e9a80000,0x00000000e9a80000)
  from space 512K, 37% used [0x00000000fa080000,0x00000000fa0b0000,0x00000000fa100000)
  to   space 512K, 0% used [0x00000000fa000000,0x00000000fa000000,0x00000000fa080000)
 ParOldGen       total 62976K, used 59282K [0x00000000a3c00000, 0x00000000a7980000, 0x00000000e1400000)
  object space 62976K, 94% used [0x00000000a3c00000,0x00000000a75e4b90,0x00000000a7980000)
 PSPermGen       total 66048K, used 65566K [0x0000000099600000, 0x000000009d680000, 0x00000000a3c00000)
  object space 66048K, 99% used [0x0000000099600000,0x000000009d607838,0x000000009d680000)
Event: 3064.155 GC heap after
Heap after GC invocations=197 (full 0):
 PSYoungGen      total 132608K, used 288K [0x00000000e1400000, 0x00000000fa100000, 0x0000000100000000)
  eden space 132096K, 0% used [0x00000000e1400000,0x00000000e1400000,0x00000000e9500000)
  from space 512K, 56% used [0x00000000fa000000,0x00000000fa048000,0x00000000fa080000)
  to   space 512K, 0% used [0x00000000fa080000,0x00000000fa080000,0x00000000fa100000)
 ParOldGen       total 62976K, used 59378K [0x00000000a3c00000, 0x00000000a7980000, 0x00000000e1400000)
  object space 62976K, 94% used [0x00000000a3c00000,0x00000000a75fcb90,0x00000000a7980000)
 PSPermGen       total 66048K, used 65566K [0x0000000099600000, 0x000000009d680000, 0x00000000a3c00000)
  object space 66048K, 99% used [0x0000000099600000,0x000000009d607838,0x000000009d680000)
}
Event: 4914.595 GC heap before
{Heap before GC invocations=198 (full 0):
 PSYoungGen      total 132608K, used 132384K [0x00000000e1400000, 0x00000000fa100000, 0x0000000100000000)
  eden space 132096K, 100% used [0x00000000e1400000,0x00000000e9500000,0x00000000e9500000)
  from space 512K, 56% used [0x00000000fa000000,0x00000000fa048000,0x00000000fa080000)
  to   space 512K, 0% used [0x00000000fa080000,0x00000000fa080000,0x00000000fa100000)
 ParOldGen       total 62976K, used 59378K [0x00000000a3c00000, 0x00000000a7980000, 0x00000000e1400000)
  object space 62976K, 94% used [0x00000000a3c00000,0x00000000a75fcb90,0x00000000a7980000)
 PSPermGen       total 66048K, used 65699K [0x0000000099600000, 0x000000009d680000, 0x00000000a3c00000)
  object space 66048K, 99% used [0x0000000099600000,0x000000009d628fd8,0x000000009d680000)
Event: 4914.604 GC heap after
Heap after GC invocations=198 (full 0):
 PSYoungGen      total 127488K, used 160K [0x00000000e1400000, 0x00000000fa100000, 0x0000000100000000)
  eden space 126976K, 0% used [0x00000000e1400000,0x00000000e1400000,0x00000000e9000000)
  from space 512K, 31% used [0x00000000fa080000,0x00000000fa0a8000,0x00000000fa100000)
  to   space 512K, 0% used [0x00000000fa000000,0x00000000fa000000,0x00000000fa080000)
 ParOldGen       total 62976K, used 59466K [0x00000000a3c00000, 0x00000000a7980000, 0x00000000e1400000)
  object space 62976K, 94% used [0x00000000a3c00000,0x00000000a7612b90,0x00000000a7980000)
 PSPermGen       total 66048K, used 65699K [0x0000000099600000, 0x000000009d680000, 0x00000000a3c00000)
  object space 66048K, 99% used [0x0000000099600000,0x000000009d628fd8,0x000000009d680000)
}

